2024-03-16 13:17:28.367 INFO  (main) [c: s: r: x: t:] o.e.j.s.Server jetty-10.0.19; built: 2023-12-15T20:38:32.477Z; git: 8492d1c78f122bb30cce20aecfa07e7283facd47; jvm 17.0.10+7
2024-03-16 13:17:28.492 WARN  (main) [c: s: r: x: t:] o.e.j.u.DeprecationWarning Using @Deprecated Class org.eclipse.jetty.servlet.listener.ELContextCleaner
2024-03-16 13:17:28.505 INFO  (main) [c: s: r: x: t:] o.a.s.s.CoreContainerProvider Using logger factory org.apache.logging.slf4j.Log4jLoggerFactory
2024-03-16 13:17:28.508 INFO  (main) [c: s: r: x: t:] o.a.s.s.CoreContainerProvider  ___      _       Welcome to Apache Solr™ version 9.5.0
2024-03-16 13:17:28.508 INFO  (main) [c: s: r: x: t:] o.a.s.s.CoreContainerProvider / __| ___| |_ _   Starting in standalone mode on port 8983
2024-03-16 13:17:28.508 INFO  (main) [c: s: r: x: t:] o.a.s.s.CoreContainerProvider \__ \/ _ \ | '_|  Install dir: /opt/solr-9.5.0
2024-03-16 13:17:28.508 INFO  (main) [c: s: r: x: t:] o.a.s.s.CoreContainerProvider |___/\___/_|_|    Start time: 2024-03-16T13:17:28.508610263Z
2024-03-16 13:17:28.510 INFO  (main) [c: s: r: x: t:] o.a.s.s.CoreContainerProvider Solr started with "-XX:+CrashOnOutOfMemoryError" that will crash on any OutOfMemoryError exception. The cause of the OOME will be logged in the crash file at the following path: /var/solr/logs/jvm_crash_12.log
2024-03-16 13:17:28.527 INFO  (main) [c: s: r: x: t:] o.a.s.s.CoreContainerProvider Solr Home: /var/solr/data (source: system property: solr.solr.home)
2024-03-16 13:17:28.539 INFO  (main) [c: s: r: x: t:] o.a.s.c.SolrXmlConfig solr.xml not found in SOLR_HOME, using built-in default
2024-03-16 13:17:28.539 INFO  (main) [c: s: r: x: t:] o.a.s.c.SolrXmlConfig Loading solr.xml from /opt/solr-9.5.0/server/solr/solr.xml
2024-03-16 13:17:28.573 INFO  (main) [c: s: r: x: t:] o.a.s.c.SolrResourceLoader Added 1 libs to classloader, from paths: [/opt/solr-9.5.0/lib]
2024-03-16 13:17:29.271 INFO  (main) [c: s: r: x: t:] o.a.s.u.t.SimplePropagator Always-on trace id generation enabled.
2024-03-16 13:17:29.524 WARN  (main) [c: s: r: x: t:] o.a.s.u.StartupLoggingUtils Jetty request logging enabled. Will retain logs for last 3 days. See chapter "Configuring Logging" in reference guide for how to configure.
2024-03-16 13:17:29.528 WARN  (main) [c: s: r: x: t:] o.a.s.c.CoreContainer Not all security plugins configured!  authentication=disabled authorization=disabled.  Solr is only as secure as you make it. Consider configuring authentication/authorization before exposing Solr to users internal or external.  See https://s.apache.org/solrsecurity for more info
2024-03-16 13:17:29.691 INFO  (main) [c: s: r: x: t:] o.a.s.c.CorePropertiesLocator Found 1 core definitions underneath /var/solr/data
2024-03-16 13:17:29.692 INFO  (main) [c: s: r: x: t:] o.a.s.c.CorePropertiesLocator Cores are: [n11_restaurants]
2024-03-16 13:17:29.723 INFO  (coreLoadExecutor-11-thread-1) [c: s: r: x:n11_restaurants t:] o.a.s.c.SolrConfig Using Lucene MatchVersion: 9.9.0
2024-03-16 13:17:29.813 INFO  (coreLoadExecutor-11-thread-1) [c: s: r: x:n11_restaurants t:] o.a.s.s.IndexSchema Schema name=default-config
2024-03-16 13:17:29.873 WARN  (main) [c: s: r: x: t:] o.g.j.m.i.MessagingBinders A class jakarta.activation.DataSource for a default provider MessageBodyWriter<jakarta.activation.DataSource> was not found. The provider is not available.
2024-03-16 13:17:30.054 INFO  (coreLoadExecutor-11-thread-1) [c: s: r: x:n11_restaurants t:] o.a.s.s.IndexSchema Loaded schema default-config/1.6 with uniqueid field id
2024-03-16 13:17:30.054 INFO  (coreLoadExecutor-11-thread-1) [c: s: r: x:n11_restaurants t:] o.a.s.c.CoreContainer Creating SolrCore 'n11_restaurants' using configuration from instancedir /var/solr/data/n11_restaurants, trusted=true
2024-03-16 13:17:30.087 INFO  (coreLoadExecutor-11-thread-1) [c: s: r: x:n11_restaurants t:] o.a.s.c.SolrCore Opening new SolrCore at [/var/solr/data/n11_restaurants], dataDir=[/var/solr/data/n11_restaurants/data/]
2024-03-16 13:17:30.105 INFO  (main) [c: s: r: x: t:] o.a.s.j.SolrRequestAuthorizer Creating a new SolrRequestAuthorizer
2024-03-16 13:17:30.197 INFO  (main) [c: s: r: x: t:] o.e.j.s.h.ContextHandler Started o.e.j.w.WebAppContext@21362712{solr-jetty-context.xml,/solr,file:///opt/solr-9.5.0/server/solr-webapp/webapp/,AVAILABLE}{/opt/solr-9.5.0/server/solr-webapp/webapp}
2024-03-16 13:17:30.203 INFO  (main) [c: s: r: x: t:] o.e.j.s.RequestLogWriter Opened /var/solr/logs/2024_03_16.request.log
2024-03-16 13:17:30.206 INFO  (main) [c: s: r: x: t:] o.e.j.s.AbstractConnector Started ServerConnector@666b83a4{HTTP/1.1, (http/1.1, h2c)}{0.0.0.0:8983}
2024-03-16 13:17:30.207 INFO  (main) [c: s: r: x: t:] o.e.j.s.Server Started Server@3e8f7922{STARTING}[10.0.19,sto=0] @2466ms
2024-03-16 13:17:30.394 INFO  (coreLoadExecutor-11-thread-1) [c: s: r: x:n11_restaurants t:] o.a.s.j.SolrRequestAuthorizer Creating a new SolrRequestAuthorizer
2024-03-16 13:17:30.403 INFO  (coreLoadExecutor-11-thread-1) [c: s: r: x:n11_restaurants t:] o.a.s.u.UpdateHandler Using UpdateLog implementation: org.apache.solr.update.UpdateLog
2024-03-16 13:17:30.404 INFO  (coreLoadExecutor-11-thread-1) [c: s: r: x:n11_restaurants t:] o.a.s.u.UpdateLog Initializing UpdateLog: dataDir= defaultSyncLevel=FLUSH numRecordsToKeep=100 maxNumLogsToKeep=10 numVersionBuckets=65536
2024-03-16 13:17:30.408 INFO  (coreLoadExecutor-11-thread-1) [c: s: r: x:n11_restaurants t:] o.a.s.u.CommitTracker Hard AutoCommit: if uncommitted for 15000ms; 
2024-03-16 13:17:30.408 INFO  (coreLoadExecutor-11-thread-1) [c: s: r: x:n11_restaurants t:] o.a.s.u.CommitTracker Soft AutoCommit: if uncommitted for 3000ms; 
2024-03-16 13:17:30.441 INFO  (coreLoadExecutor-11-thread-1) [c: s: r: x:n11_restaurants t:] o.a.s.r.ManagedResourceStorage File-based storage initialized to use dir: /var/solr/data/n11_restaurants/conf
2024-03-16 13:17:30.446 INFO  (coreLoadExecutor-11-thread-1) [c: s: r: x:n11_restaurants t:] o.a.s.s.DirectSolrSpellChecker init: {maxEdits=2, minPrefix=1, maxInspections=5, minQueryLength=4, accuracy=0.5, maxQueryFrequency=0.01, name=default, field=_text_, classname=solr.DirectSolrSpellChecker, distanceMeasure=internal}
2024-03-16 13:17:30.449 INFO  (coreLoadExecutor-11-thread-1) [c: s: r: x:n11_restaurants t:] o.a.s.h.ReplicationHandler Commits will be reserved for 10000 ms
2024-03-16 13:17:30.449 INFO  (searcherExecutor-13-thread-1-processing-n11_restaurants) [c: s: r: x:n11_restaurants t:] o.a.s.c.QuerySenderListener QuerySenderListener done.
2024-03-16 13:17:30.449 INFO  (searcherExecutor-13-thread-1-processing-n11_restaurants) [c: s: r: x:n11_restaurants t:] o.a.s.h.c.SpellCheckComponent Loading spell index for spellchecker: default
2024-03-16 13:17:30.452 INFO  (searcherExecutor-13-thread-1-processing-n11_restaurants) [c: s: r: x:n11_restaurants t:] o.a.s.c.SolrCore Registered new searcher autowarm time: 0 ms
2024-03-16 13:18:02.267 INFO  (qtp1415289182-19-null-2) [c: s: r: x: t:null-2] o.a.s.s.HttpSolrCall [admin] webapp=null path=/admin/cores params={indexInfo=false&wt=json&_=1710595082237} status=0 QTime=6
2024-03-16 13:18:02.273 INFO  (qtp1415289182-27-null-3) [c: s: r: x: t:null-3] o.a.s.s.HttpSolrCall [admin] webapp=null path=/admin/info/system params={wt=json&_=1710595082237} status=0 QTime=13
2024-03-16 13:18:02.284 INFO  (qtp1415289182-20-null-4) [c: s: r: x: t:null-4] o.a.s.s.HttpSolrCall [admin] webapp=null path=/admin/info/system params={wt=json&_=1710595082237} status=0 QTime=3
2024-03-16 13:18:06.605 INFO  (qtp1415289182-23-null-6) [c: s: r: x: t:null-6] o.a.s.s.HttpSolrCall [admin] webapp=null path=/admin/cores params={indexInfo=false&wt=json&_=1710595082237} status=0 QTime=1
2024-03-16 13:18:06.620 INFO  (qtp1415289182-25-null-5) [c: s: r: x: t:null-5] o.a.s.s.HttpSolrCall [admin] webapp=null path=/admin/info/system params={wt=json&_=1710595082237} status=0 QTime=16
2024-03-16 13:18:06.638 INFO  (qtp1415289182-18-null-8) [c: s: r: x:n11_restaurants t:null-8] o.a.s.c.S.Request webapp=/solr path=/admin/luke params={numTerms=0&show=index&wt=json&_=1710595086584} status=0 QTime=12
2024-03-16 13:18:06.639 INFO  (qtp1415289182-26-null-9) [c: s: r: x:n11_restaurants t:null-9] o.a.s.c.S.Request webapp=/solr path=/admin/ping params={action=status&wt=json&_=1710595082237&ts=1710595082237} status=503 QTime=3
2024-03-16 13:18:06.639 INFO  (qtp1415289182-21-null-7) [c: s: r: x:n11_restaurants t:null-7] o.a.s.c.S.Request webapp=/solr path=/replication params={wt=json&command=details&_=1710595086584} status=0 QTime=22
2024-03-16 13:18:06.647 INFO  (qtp1415289182-24-null-10) [c: s: r: x:n11_restaurants t:null-10] o.a.s.c.S.Request webapp=/solr path=/admin/system params={wt=json&_=1710595086584} status=0 QTime=6
2024-03-16 13:18:08.753 INFO  (qtp1415289182-20-null-13) [c: s: r: x: t:null-13] o.a.s.s.HttpSolrCall [admin] webapp=null path=/admin/cores params={indexInfo=false&wt=json&_=1710595082237} status=0 QTime=1
2024-03-16 13:18:08.765 INFO  (qtp1415289182-19-null-14) [c: s: r: x:n11_restaurants t:null-14] o.a.s.c.S.Request webapp=/solr path=/config params={wt=json&_=1710595088743} status=0 QTime=6
2024-03-16 13:18:08.765 INFO  (qtp1415289182-25-null-12) [c: s: r: x: t:null-12] o.a.s.s.HttpSolrCall [admin] webapp=null path=/admin/info/system params={wt=json&_=1710595082237} status=0 QTime=13
2024-03-16 13:18:08.775 INFO  (qtp1415289182-23-null-11) [c: s: r: x:n11_restaurants t:null-11] o.a.s.c.S.Request webapp=/solr path=/admin/luke params={show=schema&wt=json&_=1710595086584} status=0 QTime=23
2024-03-16 13:18:08.801 INFO  (qtp1415289182-27-null-15) [c: s: r: x:n11_restaurants t:null-15] o.a.s.c.S.Request webapp=/solr path=/admin/luke params={numTerms=0&wt=json&_=1710595086584} status=0 QTime=0
2024-03-16 13:18:26.030 INFO  (qtp1415289182-27-null-16) [c: s: r: x: t:null-16] o.a.s.s.HttpSolrCall [admin] webapp=null path=/admin/cores params={indexInfo=false&wt=json&_=1710595082237} status=0 QTime=0
2024-03-16 13:18:26.045 INFO  (qtp1415289182-21-null-17) [c: s: r: x: t:null-17] o.a.s.s.HttpSolrCall [admin] webapp=null path=/admin/info/system params={wt=json&_=1710595082237} status=0 QTime=12
2024-03-16 13:18:26.047 INFO  (qtp1415289182-26-null-18) [c: s: r: x: t:null-18] o.a.s.s.HttpSolrCall [admin] webapp=null path=/admin/info/logging params={wt=json&_=1710595106025&since=0} status=0 QTime=12
2024-03-16 13:18:36.036 INFO  (qtp1415289182-25-null-19) [c: s: r: x: t:null-19] o.a.s.s.HttpSolrCall [admin] webapp=null path=/admin/info/logging params={wt=json&_=1710595106025&since=0} status=0 QTime=1
2024-03-16 13:18:44.193 INFO  (qtp1415289182-26-null-20) [c: s: r: x: t:null-20] o.a.s.s.HttpSolrCall [admin] webapp=null path=/admin/cores params={indexInfo=false&wt=json&_=1710595082237} status=0 QTime=0
2024-03-16 13:18:44.205 INFO  (qtp1415289182-19-null-21) [c: s: r: x: t:null-21] o.a.s.s.HttpSolrCall [admin] webapp=null path=/admin/info/system params={wt=json&_=1710595082237} status=0 QTime=10
2024-03-16 13:18:44.218 INFO  (qtp1415289182-21-null-22) [c: s: r: x: t:null-22] o.a.s.s.HttpSolrCall [admin] webapp=null path=/admin/info/system params={wt=json&_=1710595082237} status=0 QTime=9
2024-03-16 13:18:47.630 INFO  (qtp1415289182-19-null-23) [c: s: r: x: t:null-23] o.a.s.s.HttpSolrCall [admin] webapp=null path=/admin/cores params={indexInfo=false&wt=json&_=1710595082237} status=0 QTime=0
2024-03-16 13:18:47.639 INFO  (qtp1415289182-25-null-24) [c: s: r: x: t:null-24] o.a.s.s.HttpSolrCall [admin] webapp=null path=/admin/info/system params={wt=json&_=1710595082237} status=0 QTime=9
2024-03-16 13:18:47.644 INFO  (qtp1415289182-19-null-27) [c: s: r: x:n11_restaurants t:null-27] o.a.s.c.S.Request webapp=/solr path=/admin/ping params={action=status&wt=json&_=1710595082237&ts=1710595082237} status=503 QTime=0
2024-03-16 13:18:47.646 INFO  (qtp1415289182-21-null-25) [c: s: r: x:n11_restaurants t:null-25] o.a.s.c.S.Request webapp=/solr path=/admin/luke params={numTerms=0&show=index&wt=json&_=1710595086584} status=0 QTime=4
2024-03-16 13:18:47.650 INFO  (qtp1415289182-27-null-26) [c: s: r: x:n11_restaurants t:null-26] o.a.s.c.S.Request webapp=/solr path=/replication params={wt=json&command=details&_=1710595086584} status=0 QTime=8
2024-03-16 13:18:47.652 INFO  (qtp1415289182-23-null-28) [c: s: r: x:n11_restaurants t:null-28] o.a.s.c.S.Request webapp=/solr path=/admin/system params={wt=json&_=1710595086584} status=0 QTime=8
2024-03-16 13:18:49.687 INFO  (qtp1415289182-23-null-29) [c: s: r: x: t:null-29] o.a.s.s.HttpSolrCall [admin] webapp=null path=/admin/cores params={indexInfo=false&wt=json&_=1710595082237} status=0 QTime=0
2024-03-16 13:18:49.694 INFO  (qtp1415289182-25-null-30) [c: s: r: x:n11_restaurants t:null-30] o.a.s.c.S.Request webapp=/solr path=/admin/luke params={show=schema&wt=json&_=1710595086584} status=0 QTime=7
2024-03-16 13:18:49.696 INFO  (qtp1415289182-24-null-31) [c: s: r: x: t:null-31] o.a.s.s.HttpSolrCall [admin] webapp=null path=/admin/info/system params={wt=json&_=1710595082237} status=0 QTime=9
2024-03-16 13:18:51.786 INFO  (qtp1415289182-25-null-34) [c: s: r: x: t:null-34] o.a.s.s.HttpSolrCall [admin] webapp=null path=/admin/cores params={indexInfo=false&wt=json&_=1710595082237} status=0 QTime=0
2024-03-16 13:18:51.792 INFO  (qtp1415289182-19-null-33) [c: s: r: x:n11_restaurants t:null-33] o.a.s.c.S.Request webapp=/solr path=/admin/luke params={show=schema&wt=json&_=1710595086584} status=0 QTime=9
2024-03-16 13:18:51.793 INFO  (qtp1415289182-27-null-32) [c: s: r: x: t:null-32] o.a.s.s.HttpSolrCall [admin] webapp=null path=/admin/info/system params={wt=json&_=1710595082237} status=0 QTime=10
2024-03-16 13:18:52.771 INFO  (qtp1415289182-21-null-35) [c: s: r: x: t:null-35] o.a.s.s.HttpSolrCall [admin] webapp=null path=/admin/cores params={indexInfo=false&wt=json&_=1710595082237} status=0 QTime=0
2024-03-16 13:18:52.778 INFO  (qtp1415289182-23-null-37) [c: s: r: x:n11_restaurants t:null-37] o.a.s.c.S.Request webapp=/solr path=/admin/luke params={numTerms=0&show=index&wt=json&_=1710595086584} status=0 QTime=1
2024-03-16 13:18:52.782 INFO  (qtp1415289182-21-null-39) [c: s: r: x:n11_restaurants t:null-39] o.a.s.c.S.Request webapp=/solr path=/admin/ping params={action=status&wt=json&_=1710595082237&ts=1710595082237} status=503 QTime=0
2024-03-16 13:18:52.785 INFO  (qtp1415289182-24-null-36) [c: s: r: x: t:null-36] o.a.s.s.HttpSolrCall [admin] webapp=null path=/admin/info/system params={wt=json&_=1710595082237} status=0 QTime=9
2024-03-16 13:18:52.789 INFO  (qtp1415289182-26-null-40) [c: s: r: x:n11_restaurants t:null-40] o.a.s.c.S.Request webapp=/solr path=/admin/system params={wt=json&_=1710595086584} status=0 QTime=6
2024-03-16 13:18:52.793 INFO  (qtp1415289182-19-null-38) [c: s: r: x:n11_restaurants t:null-38] o.a.s.c.S.Request webapp=/solr path=/replication params={wt=json&command=details&_=1710595086584} status=0 QTime=13
2024-03-16 13:18:54.874 INFO  (qtp1415289182-21-null-43) [c: s: r: x:n11_restaurants t:null-43] o.a.s.c.S.Request webapp=/solr path=/config/params params={wt=json&_=1710595134869} status=0 QTime=0
2024-03-16 13:18:54.874 INFO  (qtp1415289182-19-null-41) [c: s: r: x: t:null-41] o.a.s.s.HttpSolrCall [admin] webapp=null path=/admin/cores params={indexInfo=false&wt=json&_=1710595082237} status=0 QTime=0
2024-03-16 13:18:54.881 INFO  (qtp1415289182-25-null-42) [c: s: r: x: t:null-42] o.a.s.s.HttpSolrCall [admin] webapp=null path=/admin/info/system params={wt=json&_=1710595082237} status=0 QTime=7
2024-03-16 13:18:55.642 INFO  (qtp1415289182-25-null-46) [c: s: r: x: t:null-46] o.a.s.s.HttpSolrCall [admin] webapp=null path=/admin/cores params={indexInfo=false&wt=json&_=1710595082237} status=0 QTime=0
2024-03-16 13:18:55.650 INFO  (qtp1415289182-24-null-44) [c: s: r: x: t:null-44] o.a.s.s.HttpSolrCall [admin] webapp=null path=/admin/info/system params={wt=json&_=1710595082237} status=0 QTime=8
2024-03-16 13:18:55.650 INFO  (qtp1415289182-26-null-45) [c: s: r: x:n11_restaurants t:null-45] o.a.s.c.S.Request webapp=/solr path=/admin/file params={wt=json&_=1710595135636} status=0 QTime=8
2024-03-16 13:18:55.670 INFO  (qtp1415289182-19-null-47) [c: s: r: x:n11_restaurants t:null-47] o.a.s.c.S.Request webapp=/solr path=/admin/file params={file=lang&wt=json&_=1710595135636} status=0 QTime=13
2024-03-16 13:18:59.959 INFO  (qtp1415289182-24-null-48) [c: s: r: x:n11_restaurants t:null-48] o.a.s.c.S.Request webapp=/solr path=/admin/ping params={wt=json&_=1710595082237&ts=1710595082237} hits=0 status=0 QTime=41
2024-03-16 13:18:59.960 INFO  (qtp1415289182-24-null-48) [c: s: r: x:n11_restaurants t:null-48] o.a.s.c.S.Request webapp=/solr path=/admin/ping params={wt=json&_=1710595082237&ts=1710595082237} status=0 QTime=41
2024-03-16 13:19:01.526 INFO  (qtp1415289182-19-null-49) [c: s: r: x:n11_restaurants t:null-49] o.a.s.c.S.Request webapp=/solr path=/admin/ping params={wt=json&_=1710595082237&ts=1710595082237} hits=0 status=0 QTime=8
2024-03-16 13:19:01.526 INFO  (qtp1415289182-19-null-49) [c: s: r: x:n11_restaurants t:null-49] o.a.s.c.S.Request webapp=/solr path=/admin/ping params={wt=json&_=1710595082237&ts=1710595082237} status=0 QTime=9
2024-03-16 13:19:02.470 INFO  (qtp1415289182-24-null-50) [c: s: r: x:n11_restaurants t:null-50] o.a.s.c.S.Request webapp=/solr path=/admin/ping params={wt=json&_=1710595082237&ts=1710595082237} hits=0 status=0 QTime=2
2024-03-16 13:19:02.470 INFO  (qtp1415289182-24-null-50) [c: s: r: x:n11_restaurants t:null-50] o.a.s.c.S.Request webapp=/solr path=/admin/ping params={wt=json&_=1710595082237&ts=1710595082237} status=0 QTime=2
2024-03-16 13:19:03.138 INFO  (qtp1415289182-19-null-51) [c: s: r: x:n11_restaurants t:null-51] o.a.s.c.S.Request webapp=/solr path=/admin/ping params={wt=json&_=1710595082237&ts=1710595082237} hits=0 status=0 QTime=1
2024-03-16 13:19:03.139 INFO  (qtp1415289182-19-null-51) [c: s: r: x:n11_restaurants t:null-51] o.a.s.c.S.Request webapp=/solr path=/admin/ping params={wt=json&_=1710595082237&ts=1710595082237} status=0 QTime=2
2024-03-16 13:19:04.064 INFO  (qtp1415289182-24-null-52) [c: s: r: x:n11_restaurants t:null-52] o.a.s.c.S.Request webapp=/solr path=/admin/ping params={wt=json&_=1710595082237&ts=1710595082237} hits=0 status=0 QTime=1
2024-03-16 13:19:04.064 INFO  (qtp1415289182-24-null-52) [c: s: r: x:n11_restaurants t:null-52] o.a.s.c.S.Request webapp=/solr path=/admin/ping params={wt=json&_=1710595082237&ts=1710595082237} status=0 QTime=1
2024-03-16 13:19:05.057 INFO  (qtp1415289182-19-null-53) [c: s: r: x:n11_restaurants t:null-53] o.a.s.c.S.Request webapp=/solr path=/admin/ping params={wt=json&_=1710595082237&ts=1710595082237} hits=0 status=0 QTime=1
2024-03-16 13:19:05.057 INFO  (qtp1415289182-19-null-53) [c: s: r: x:n11_restaurants t:null-53] o.a.s.c.S.Request webapp=/solr path=/admin/ping params={wt=json&_=1710595082237&ts=1710595082237} status=0 QTime=1
2024-03-16 13:19:05.856 INFO  (qtp1415289182-24-null-54) [c: s: r: x:n11_restaurants t:null-54] o.a.s.c.S.Request webapp=/solr path=/admin/ping params={wt=json&_=1710595082237&ts=1710595082237} hits=0 status=0 QTime=1
2024-03-16 13:19:05.856 INFO  (qtp1415289182-24-null-54) [c: s: r: x:n11_restaurants t:null-54] o.a.s.c.S.Request webapp=/solr path=/admin/ping params={wt=json&_=1710595082237&ts=1710595082237} status=0 QTime=1
2024-03-16 13:19:06.564 INFO  (qtp1415289182-24-null-56) [c: s: r: x: t:null-56] o.a.s.s.HttpSolrCall [admin] webapp=null path=/admin/cores params={indexInfo=false&wt=json&_=1710595082237} status=0 QTime=0
2024-03-16 13:19:06.576 INFO  (qtp1415289182-25-null-55) [c: s: r: x: t:null-55] o.a.s.s.HttpSolrCall [admin] webapp=null path=/admin/info/system params={wt=json&_=1710595082237} status=0 QTime=12
2024-03-16 13:19:06.599 INFO  (qtp1415289182-26-null-57) [c: s: r: x:n11_restaurants t:null-57] o.a.s.c.S.Request webapp=/solr path=/admin/mbeans params={stats=true&wt=json&_=1710595146560} status=0 QTime=28
2024-03-16 13:19:07.422 INFO  (qtp1415289182-19-null-58) [c: s: r: x:n11_restaurants t:null-58] o.a.s.c.S.Request webapp=/solr path=/admin/ping params={wt=json&_=1710595082237&ts=1710595082237} hits=0 status=0 QTime=2
2024-03-16 13:19:07.422 INFO  (qtp1415289182-19-null-58) [c: s: r: x:n11_restaurants t:null-58] o.a.s.c.S.Request webapp=/solr path=/admin/ping params={wt=json&_=1710595082237&ts=1710595082237} status=0 QTime=2
2024-03-16 13:19:16.282 INFO  (qtp1415289182-26-null-60) [c: s: r: x:n11_restaurants t:null-60] o.a.s.c.S.Request webapp=/solr path=/config/params params={wt=json&_=1710595134869} status=0 QTime=0
2024-03-16 13:19:16.282 INFO  (qtp1415289182-19-null-59) [c: s: r: x: t:null-59] o.a.s.s.HttpSolrCall [admin] webapp=null path=/admin/cores params={indexInfo=false&wt=json&_=1710595082237} status=0 QTime=0
2024-03-16 13:19:16.292 INFO  (qtp1415289182-25-null-61) [c: s: r: x: t:null-61] o.a.s.s.HttpSolrCall [admin] webapp=null path=/admin/info/system params={wt=json&_=1710595082237} status=0 QTime=11
2024-03-16 13:19:19.663 INFO  (qtp1415289182-25-null-63) [c: s: r: x: t:null-63] o.a.s.s.HttpSolrCall [admin] webapp=null path=/admin/cores params={indexInfo=false&wt=json&_=1710595082237} status=0 QTime=0
2024-03-16 13:19:19.672 INFO  (qtp1415289182-19-null-62) [c: s: r: x: t:null-62] o.a.s.s.HttpSolrCall [admin] webapp=null path=/admin/info/system params={wt=json&_=1710595082237} status=0 QTime=10
2024-03-16 13:19:19.675 INFO  (qtp1415289182-21-null-64) [c: s: r: x:n11_restaurants t:null-64] o.a.s.c.S.Request webapp=/solr path=/replication params={wt=json&command=details&_=1710595086584} status=0 QTime=12
2024-03-16 13:19:21.267 INFO  (qtp1415289182-25-null-65) [c: s: r: x:n11_restaurants t:null-65] o.a.s.c.S.Request webapp=/solr path=/config params={wt=json&_=1710595088743} status=0 QTime=0
2024-03-16 13:19:21.269 INFO  (qtp1415289182-23-null-68) [c: s: r: x: t:null-68] o.a.s.s.HttpSolrCall [admin] webapp=null path=/admin/cores params={indexInfo=false&wt=json&_=1710595082237} status=0 QTime=0
2024-03-16 13:19:21.274 INFO  (qtp1415289182-27-null-66) [c: s: r: x: t:null-66] o.a.s.s.HttpSolrCall [admin] webapp=null path=/admin/info/system params={wt=json&_=1710595082237} status=0 QTime=7
2024-03-16 13:19:21.276 INFO  (qtp1415289182-21-null-67) [c: s: r: x:n11_restaurants t:null-67] o.a.s.c.S.Request webapp=/solr path=/admin/luke params={show=schema&wt=json&_=1710595086584} status=0 QTime=5
2024-03-16 13:19:21.291 INFO  (qtp1415289182-24-null-69) [c: s: r: x:n11_restaurants t:null-69] o.a.s.c.S.Request webapp=/solr path=/admin/luke params={numTerms=0&wt=json&_=1710595086584} status=0 QTime=0
2024-03-16 13:19:22.945 INFO  (qtp1415289182-24-null-71) [c: s: r: x: t:null-71] o.a.s.s.HttpSolrCall [admin] webapp=null path=/admin/cores params={indexInfo=false&wt=json&_=1710595082237} status=0 QTime=0
2024-03-16 13:19:22.952 INFO  (qtp1415289182-21-null-72) [c: s: r: x: t:null-72] o.a.s.s.HttpSolrCall [admin] webapp=null path=/admin/info/system params={wt=json&_=1710595082237} status=0 QTime=7
2024-03-16 13:19:22.957 INFO  (qtp1415289182-20-null-70) [c: s: r: x:n11_restaurants t:null-70] o.a.s.c.S.Request webapp=/solr path=/admin/segments params={wt=json&_=1710595162940} status=0 QTime=12
2024-03-16 13:19:23.905 INFO  (qtp1415289182-27-null-73) [c: s: r: x: t:null-73] o.a.s.s.HttpSolrCall [admin] webapp=null path=/admin/cores params={indexInfo=false&wt=json&_=1710595082237} status=0 QTime=0
2024-03-16 13:19:23.906 INFO  (qtp1415289182-19-null-75) [c: s: r: x:n11_restaurants t:null-75] o.a.s.c.S.Request webapp=/solr path=/config params={wt=json&_=1710595088743} status=0 QTime=0
2024-03-16 13:19:23.912 INFO  (qtp1415289182-24-null-74) [c: s: r: x:n11_restaurants t:null-74] o.a.s.c.S.Request webapp=/solr path=/admin/luke params={show=schema&wt=json&_=1710595086584} status=0 QTime=7
2024-03-16 13:19:23.914 INFO  (qtp1415289182-23-null-76) [c: s: r: x: t:null-76] o.a.s.s.HttpSolrCall [admin] webapp=null path=/admin/info/system params={wt=json&_=1710595082237} status=0 QTime=8
2024-03-16 13:19:23.929 INFO  (qtp1415289182-25-null-77) [c: s: r: x:n11_restaurants t:null-77] o.a.s.c.S.Request webapp=/solr path=/admin/luke params={numTerms=0&wt=json&_=1710595086584} status=0 QTime=0
2024-03-16 13:22:10.753 INFO  (qtp1415289182-20-null-78) [c: s: r: x: t:null-78] o.a.s.s.HttpSolrCall [admin] webapp=null path=/admin/cores params={indexInfo=false&wt=json&_=1710595082237} status=0 QTime=3
2024-03-16 13:22:10.761 INFO  (qtp1415289182-23-null-83) [c: s: r: x:n11_restaurants t:null-83] o.a.s.c.S.Request webapp=/solr path=/admin/ping params={action=status&wt=json&_=1710595082237&ts=1710595082237} status=503 QTime=0
2024-03-16 13:22:10.762 INFO  (qtp1415289182-21-null-79) [c: s: r: x:n11_restaurants t:null-79] o.a.s.c.S.Request webapp=/solr path=/replication params={wt=json&command=details&_=1710595086584} status=0 QTime=13
2024-03-16 13:22:10.762 INFO  (qtp1415289182-27-null-82) [c: s: r: x:n11_restaurants t:null-82] o.a.s.c.S.Request webapp=/solr path=/admin/luke params={numTerms=0&show=index&wt=json&_=1710595086584} status=0 QTime=5
2024-03-16 13:22:10.778 INFO  (qtp1415289182-25-null-80) [c: s: r: x:n11_restaurants t:null-80] o.a.s.c.S.Request webapp=/solr path=/admin/system params={wt=json&_=1710595086584} status=0 QTime=30
2024-03-16 13:22:10.779 INFO  (qtp1415289182-24-null-81) [c: s: r: x: t:null-81] o.a.s.s.HttpSolrCall [admin] webapp=null path=/admin/info/system params={wt=json&_=1710595082237} status=0 QTime=26
2024-03-16 13:41:24.014 INFO  (JettyShutdownThread) [c: s: r: x: t:] o.e.j.s.Server Stopped Server@3e8f7922{STOPPING}[10.0.19,sto=0]
2024-03-16 13:41:24.020 INFO  (JettyShutdownThread) [c: s: r: x: t:] o.e.j.s.AbstractConnector Stopped ServerConnector@666b83a4{HTTP/1.1, (http/1.1, h2c)}{0.0.0.0:8983}
2024-03-16 13:41:24.056 INFO  (JettyShutdownThread) [c: s: r: x: t:] o.a.s.c.CoreContainer Shutting down CoreContainer instance=1555965524
2024-03-16 13:41:24.059 INFO  (coreCloseExecutor-19-thread-1) [c: s: r: x:n11_restaurants t:] o.a.s.c.SolrCore CLOSING SolrCore org.apache.solr.core.SolrCore@3de2191d n11_restaurants
2024-03-16 13:41:24.060 INFO  (coreCloseExecutor-19-thread-1) [c: s: r: x:n11_restaurants t:] o.a.s.m.SolrMetricManager Closing metric reporters for registry=solr.core.n11_restaurants tag=SolrCore@3de2191d
2024-03-16 13:41:24.077 INFO  (coreCloseExecutor-19-thread-1) [c: s: r: x:n11_restaurants t:] o.a.s.u.DirectUpdateHandler2 Committing on IndexWriter.close()  ... SKIPPED (unnecessary).
2024-03-16 13:41:24.089 INFO  (JettyShutdownThread) [c: s: r: x: t:] o.a.s.m.SolrMetricManager Closing metric reporters for registry=solr.node tag=null
2024-03-16 13:41:24.094 INFO  (JettyShutdownThread) [c: s: r: x: t:] o.a.s.m.SolrMetricManager Closing metric reporters for registry=solr.jvm tag=null
2024-03-16 13:41:24.096 INFO  (JettyShutdownThread) [c: s: r: x: t:] o.a.s.m.SolrMetricManager Closing metric reporters for registry=solr.jetty tag=null
2024-03-16 13:41:24.103 INFO  (JettyShutdownThread) [c: s: r: x: t:] o.e.j.s.h.ContextHandler Stopped o.e.j.w.WebAppContext@21362712{solr-jetty-context.xml,/solr,null,STOPPED}{/opt/solr-9.5.0/server/solr-webapp/webapp}
